<?xml version="1.0" encoding="UTF-8"?>
<!-- Generated by org.testng.reporters.JUnitReportReporter -->
<testsuite hostname="TYSS-Piyush-Baldaniya" failures="0" tests="1" name="assertion_extra.WorkingWithHardAssert" time="0.013" errors="0" timestamp="2025-10-08T16:28:11 IST" skipped="0">
  <testcase classname="assertion_extra.WorkingWithHardAssert" name="case1" time="0.013"/>
</testsuite> <!-- assertion_extra.WorkingWithHardAssert -->
