<?xml version="1.0" encoding="UTF-8"?>
<!-- Generated by org.testng.reporters.JUnitReportReporter -->
<testsuite hostname="TYSS-Piyush-Baldaniya" failures="0" tests="1" name="testng_extra.Demo1" time="0.012" errors="0" timestamp="2025-09-18T12:30:49 IST" skipped="0">
  <testcase classname="testng_extra.Demo1" name="case1" time="0.012">
    <system-out>
      <![CDATA[Hey banshika vasisth]]>
    </system-out>
  </testcase> <!-- case1 -->
  <system-out>
    <![CDATA[Hey banshika vasisth]]>
  </system-out>
</testsuite> <!-- testng_extra.Demo1 -->
