<?xml version="1.0" encoding="UTF-8"?>
<!-- Generated by org.testng.reporters.JUnitReportReporter -->
<testsuite hostname="TYSS-Piyush-Baldaniya" failures="0" tests="1" name="config_ann.CampTest" time="1.158" errors="0" timestamp="2025-10-07T16:47:31 IST" skipped="0">
  <testcase classname="config_ann.CampTest" name="createCampTest" time="1.158"/>
</testsuite> <!-- config_ann.CampTest -->
