<?xml version="1.0" encoding="UTF-8"?>
<!-- Generated by org.testng.reporters.JUnitReportReporter -->
<testsuite hostname="TYSS-Piyush-Baldaniya" failures="0" tests="1" name="config_ann.OppTest" time="0.002" errors="0" timestamp="2025-10-07T16:45:39 IST" skipped="0">
  <testcase classname="config_ann.OppTest" name="createOppTest" time="0.002"/>
</testsuite> <!-- config_ann.OppTest -->
