<?xml version="1.0" encoding="UTF-8"?>
<!-- Generated by org.testng.reporters.JUnitReportReporter -->
<testsuite hostname="TYSS-Piyush-Baldaniya" failures="0" tests="1" name="campaign.CreateCampaignTest" time="51.820" errors="0" timestamp="2025-10-07T16:29:54 IST" skipped="0">
  <testcase classname="campaign.CreateCampaignTest" name="createCampTest" time="51.820"/>
</testsuite> <!-- campaign.CreateCampaignTest -->
