<?xml version="1.0" encoding="UTF-8"?>
<!-- Generated by org.testng.reporters.JUnitReportReporter -->
<testsuite hostname="TYSS-Piyush-Baldaniya" failures="0" tests="1" name="testng_extra.Demo4" time="0.002" errors="0" timestamp="2025-09-22T12:13:13 IST" skipped="0">
  <testcase classname="testng_extra.Demo4" name="case4" time="0.002"/>
</testsuite> <!-- testng_extra.Demo4 -->
