<?xml version="1.0" encoding="UTF-8"?>
<!-- Generated by org.testng.reporters.JUnitReportReporter -->
<testsuite hostname="TYSS-Piyush-Baldaniya" failures="0" tests="1" name="testng_extra.Demo3" time="0.001" errors="0" timestamp="2025-09-23T11:23:51 IST" skipped="0">
  <testcase classname="testng_extra.Demo3" name="case5" time="0.001"/>
</testsuite> <!-- testng_extra.Demo3 -->
