<?xml version="1.0" encoding="UTF-8"?>
<!-- Generated by org.testng.reporters.JUnitReportReporter -->
<testsuite hostname="TYSS-Piyush-Baldaniya" failures="0" tests="2" name="testng_extra.Demo2" time="0.012" errors="0" timestamp="2025-09-23T11:23:51 IST" skipped="0">
  <testcase classname="testng_extra.Demo2" name="case4" time="0.001"/>
  <testcase classname="testng_extra.Demo2" name="case2" time="0.011"/>
</testsuite> <!-- testng_extra.Demo2 -->
