<?xml version="1.0" encoding="UTF-8"?>
<!-- Generated by org.testng.reporters.JUnitReportReporter -->
<testsuite hostname="TYSS-Piyush-Baldaniya" failures="0" tests="1" name="advance_reports.SauceDemo" time="2.252" errors="0" timestamp="2025-10-09T17:02:47 IST" skipped="0">
  <testcase classname="advance_reports.SauceDemo" name="getReport" time="2.252"/>
</testsuite> <!-- advance_reports.SauceDemo -->
