<?xml version="1.0" encoding="UTF-8"?>
<!-- Generated by org.testng.reporters.JUnitReportReporter -->
<testsuite hostname="TYSS-Piyush-Baldaniya" failures="0" tests="1" name="generic_utility.JavaUtility" time="0.031" errors="0" timestamp="2025-10-14T16:52:17 IST" skipped="0">
  <testcase classname="generic_utility.JavaUtility" name="getCurrentDateTime" time="0.031"/>
</testsuite> <!-- generic_utility.JavaUtility -->
