<?xml version="1.0" encoding="UTF-8"?>
<!-- Generated by org.testng.reporters.JUnitReportReporter -->
<testsuite hostname="TYSS-Piyush-Baldaniya" failures="0" tests="1" name="campaign.CampaignTest" time="7.156" errors="0" timestamp="2025-10-07T16:42:19 IST" skipped="0">
  <testcase classname="campaign.CampaignTest" name="createCampTest" time="7.156"/>
</testsuite> <!-- campaign.CampaignTest -->
