<?xml version="1.0" encoding="UTF-8"?>
<!-- Generated by org.testng.reporters.JUnitReportReporter -->
<testsuite hostname="TYSS-Piyush-Baldaniya" failures="0" tests="3" name="testng_extra.DemoForHelperAttr" time="0.023" errors="0" timestamp="2025-09-22T11:44:33 IST" skipped="2">
  <testcase classname="testng_extra.DemoForHelperAttr" name="case1" time="0.023"/>
  <testcase classname="testng_extra.DemoForHelperAttr" name="case3">
    <skipped/>
  </testcase> <!-- case3 -->
  <testcase classname="testng_extra.DemoForHelperAttr" name="case2">
    <skipped/>
  </testcase> <!-- case2 -->
</testsuite> <!-- testng_extra.DemoForHelperAttr -->
