<?xml version="1.0" encoding="UTF-8"?>
<!-- Generated by org.testng.reporters.JUnitReportReporter -->
<testsuite hostname="TYSS-Piyush-Baldaniya" failures="0" tests="1" name="config_ann.ContactTest" time="2.603" errors="0" timestamp="2025-10-07T16:45:39 IST" skipped="0">
  <testcase classname="config_ann.ContactTest" name="createContactTest" time="2.603"/>
</testsuite> <!-- config_ann.ContactTest -->
