<?xml version="1.0" encoding="UTF-8"?>
<!-- Generated by org.testng.reporters.JUnitReportReporter -->
<testsuite hostname="TYSS-Piyush-Baldaniya" failures="0" tests="3" name="testng_extra.TestngDemo" time="0.012" errors="0" timestamp="2025-09-16T13:27:14 IST" skipped="0">
  <testcase classname="testng_extra.TestngDemo" name="delete" time="0.001"/>
  <testcase classname="testng_extra.TestngDemo" name="modify" time="0.010"/>
  <testcase classname="testng_extra.TestngDemo" name="create" time="0.001"/>
</testsuite> <!-- testng_extra.TestngDemo -->
